0 info it worked if it ends with ok
1 verbose cli [ 'node', '/usr/local/bin/npm', 'i', '-g', 'nodemon' ]
2 info using npm@2.11.3
3 info using node@v0.12.7
4 verbose install initial load of /usr/local/lib/package.json
5 verbose readDependencies loading dependencies from /usr/local/lib/package.json
6 silly cache add args [ 'nodemon', null ]
7 verbose cache add spec nodemon
8 silly cache add parsed spec { raw: 'nodemon',
8 silly cache add   scope: null,
8 silly cache add   name: 'nodemon',
8 silly cache add   rawSpec: '',
8 silly cache add   spec: '*',
8 silly cache add   type: 'range' }
9 silly addNamed nodemon@*
10 verbose addNamed "*" is a valid semver range for nodemon
11 silly addNameRange { name: 'nodemon', range: '*', hasData: false }
12 silly mapToRegistry name nodemon
13 silly mapToRegistry using default registry
14 silly mapToRegistry registry https://registry.npmjs.org/
15 silly mapToRegistry uri https://registry.npmjs.org/nodemon
16 verbose addNameRange registry:https://registry.npmjs.org/nodemon not in flight; fetching
17 verbose request uri https://registry.npmjs.org/nodemon
18 verbose request no auth needed
19 info attempt registry request try #1 at 11:51:06 AM
20 verbose request id 388452c5f8b7fbf7
21 verbose etag "9K6OXHFO197IS79KXBOA0EPY8"
22 http request GET https://registry.npmjs.org/nodemon
23 http 200 https://registry.npmjs.org/nodemon
24 silly get cb [ 200,
24 silly get   { server: 'CouchDB/1.5.0 (Erlang OTP/R16B03)',
24 silly get     etag: '"C5OE461Y0P0YEJ0FL5XFR4X93"',
24 silly get     'content-type': 'application/json',
24 silly get     'cache-control': 'max-age=60',
24 silly get     'content-length': '155657',
24 silly get     'accept-ranges': 'bytes',
24 silly get     date: 'Wed, 09 Sep 2015 18:51:06 GMT',
24 silly get     via: '1.1 varnish',
24 silly get     age: '54',
24 silly get     connection: 'keep-alive',
24 silly get     'x-served-by': 'cache-lax1426-LAX',
24 silly get     'x-cache': 'HIT',
24 silly get     'x-cache-hits': '1',
24 silly get     'x-timer': 'S1441824666.489519,VS0,VE1',
24 silly get     vary: 'Accept' } ]
25 verbose get saving nodemon to /Users/macdoni/.npm/registry.npmjs.org/nodemon/.cache.json
26 silly addNameRange number 2 { name: 'nodemon', range: '*', hasData: true }
27 silly addNameRange versions [ 'nodemon',
27 silly addNameRange   [ '0.1.4',
27 silly addNameRange     '0.1.5',
27 silly addNameRange     '0.1.6',
27 silly addNameRange     '0.1.7',
27 silly addNameRange     '0.1.8',
27 silly addNameRange     '0.2.0',
27 silly addNameRange     '0.2.1',
27 silly addNameRange     '0.2.2',
27 silly addNameRange     '0.3.0',
27 silly addNameRange     '0.3.1',
27 silly addNameRange     '0.3.2',
27 silly addNameRange     '0.4.0',
27 silly addNameRange     '0.4.1',
27 silly addNameRange     '0.5.0',
27 silly addNameRange     '0.5.1',
27 silly addNameRange     '0.5.2',
27 silly addNameRange     '0.5.3',
27 silly addNameRange     '0.5.4',
27 silly addNameRange     '0.5.5',
27 silly addNameRange     '0.5.6',
27 silly addNameRange     '0.5.7',
27 silly addNameRange     '0.6.0',
27 silly addNameRange     '0.6.1',
27 silly addNameRange     '0.6.2',
27 silly addNameRange     '0.6.3',
27 silly addNameRange     '0.6.4',
27 silly addNameRange     '0.6.5',
27 silly addNameRange     '0.6.6',
27 silly addNameRange     '0.6.7',
27 silly addNameRange     '0.6.8',
27 silly addNameRange     '0.6.9',
27 silly addNameRange     '0.6.10',
27 silly addNameRange     '0.6.11',
27 silly addNameRange     '0.6.12',
27 silly addNameRange     '0.6.13',
27 silly addNameRange     '0.6.14',
27 silly addNameRange     '0.6.15',
27 silly addNameRange     '0.6.16',
27 silly addNameRange     '0.6.17',
27 silly addNameRange     '0.6.18',
27 silly addNameRange     '0.6.19',
27 silly addNameRange     '0.6.20',
27 silly addNameRange     '0.6.21',
27 silly addNameRange     '0.6.22',
27 silly addNameRange     '0.6.23',
27 silly addNameRange     '0.7.0',
27 silly addNameRange     '0.7.1',
27 silly addNameRange     '0.7.2',
27 silly addNameRange     '0.7.3',
27 silly addNameRange     '0.7.4',
27 silly addNameRange     '0.7.5',
27 silly addNameRange     '0.7.6',
27 silly addNameRange     '0.7.7',
27 silly addNameRange     '0.7.8',
27 silly addNameRange     '0.7.10',
27 silly addNameRange     '0.9.0',
27 silly addNameRange     '0.9.1',
27 silly addNameRange     '0.9.2',
27 silly addNameRange     '0.9.3',
27 silly addNameRange     '0.9.5',
27 silly addNameRange     '0.9.6',
27 silly addNameRange     '0.9.7',
27 silly addNameRange     '0.9.10',
27 silly addNameRange     '0.9.11',
27 silly addNameRange     '0.9.12',
27 silly addNameRange     '0.9.14',
27 silly addNameRange     '0.9.16',
27 silly addNameRange     '0.9.17',
27 silly addNameRange     '1.0.0',
27 silly addNameRange     '1.0.1',
27 silly addNameRange     '1.0.2',
27 silly addNameRange     '1.0.2-rc',
27 silly addNameRange     '0.6.10-a',
27 silly addNameRange     '1.0.2-rc3',
27 silly addNameRange     '1.0.2-rc4',
27 silly addNameRange     '1.0.3',
27 silly addNameRange     '1.0.4',
27 silly addNameRange     '1.0.5',
27 silly addNameRange     '1.0.6',
27 silly addNameRange     '1.0.7',
27 silly addNameRange     '1.0.8',
27 silly addNameRange     '1.0.9',
27 silly addNameRange     '1.0.10',
27 silly addNameRange     '1.0.11',
27 silly addNameRange     '1.0.12',
27 silly addNameRange     '1.0.13',
27 silly addNameRange     '1.0.14',
27 silly addNameRange     '1.0.15',
27 silly addNameRange     '1.0.16',
27 silly addNameRange     '1.0.17-rc1',
27 silly addNameRange     '1.0.17-rc2',
27 silly addNameRange     '1.0.17',
27 silly addNameRange     '1.0.18',
27 silly addNameRange     '1.0.19',
27 silly addNameRange     '1.0.20',
27 silly addNameRange     '1.1.0-alpha',
27 silly addNameRange     '1.1.0',
27 silly addNameRange     '1.1.1',
27 silly addNameRange     '1.2.0',
27 silly addNameRange     '1.2.1',
27 silly addNameRange     '1.3.0-0',
27 silly addNameRange     '1.3.0-1',
27 silly addNameRange     '1.3.0-2',
27 silly addNameRange     '1.3.0-3',
27 silly addNameRange     '1.3.0-4',
27 silly addNameRange     '1.3.0-5',
27 silly addNameRange     '1.3.0-6',
27 silly addNameRange     '1.3.0-7',
27 silly addNameRange     '1.3.0',
27 silly addNameRange     '1.3.1',
27 silly addNameRange     '1.3.2',
27 silly addNameRange     '1.3.3',
27 silly addNameRange     '1.3.5',
27 silly addNameRange     '1.3.6',
27 silly addNameRange     '1.3.7',
27 silly addNameRange     '1.3.8',
27 silly addNameRange     '1.4.0',
27 silly addNameRange     '1.4.1',
27 silly addNameRange     '1.5.0-alpha1',
27 silly addNameRange     '1.5.0-alpha2' ] ]
28 silly addNamed nodemon@1.4.1
29 verbose addNamed "1.4.1" is a plain semver version for nodemon
30 silly cache afterAdd nodemon@1.4.1
31 verbose afterAdd /Users/macdoni/.npm/nodemon/1.4.1/package/package.json not in flight; writing
32 verbose afterAdd /Users/macdoni/.npm/nodemon/1.4.1/package/package.json written
33 silly install resolved [ { name: 'nodemon',
33 silly install resolved     homepage: 'http://nodemon.io',
33 silly install resolved     author: { name: 'Remy Sharp', url: 'http://github.com/remy' },
33 silly install resolved     bin: { nodemon: './bin/nodemon.js' },
33 silly install resolved     engines: { node: '>=0.8' },
33 silly install resolved     repository:
33 silly install resolved      { type: 'git',
33 silly install resolved        url: 'git+ssh://git@github.com/remy/nodemon.git' },
33 silly install resolved     description: 'Simple monitor script for use during development of a node.js app.',
33 silly install resolved     keywords:
33 silly install resolved      [ 'monitor',
33 silly install resolved        'development',
33 silly install resolved        'restart',
33 silly install resolved        'autoload',
33 silly install resolved        'reload',
33 silly install resolved        'terminal' ],
33 silly install resolved     version: '1.4.1',
33 silly install resolved     preferGlobal: 'true',
33 silly install resolved     license: 'MIT',
33 silly install resolved     main: './lib/nodemon',
33 silly install resolved     scripts:
33 silly install resolved      { coverage: 'istanbul cover _mocha -- --timeout 30000 --ui bdd --reporter list test/**/*.test.js',
33 silly install resolved        ':test': 'mocha --timeout 30000 --ui bdd test/**/*.test.js',
33 silly install resolved        test: 'for FILE in test/**/*.test.js; do echo $FILE; ./node_modules/.bin/mocha --timeout 30000 $FILE; if [ $? -ne 0 ]; then exit 1; fi; sleep 1; done',
33 silly install resolved        web: 'node web' },
33 silly install resolved     devDependencies:
33 silly install resolved      { 'coffee-script': '~1.7.1',
33 silly install resolved        connect: '~2.19.1',
33 silly install resolved        istanbul: '~0.2.10',
33 silly install resolved        mocha: '^2.0.1',
33 silly install resolved        should: '~4.0.0' },
33 silly install resolved     dependencies:
33 silly install resolved      { minimatch: '~0.3.0',
33 silly install resolved        'ps-tree': '~0.0.3',
33 silly install resolved        touch: '~1.0.0',
33 silly install resolved        'update-notifier': '^0.3.0' },
33 silly install resolved     gitHead: '2e56d8404e09320355b8d84ba90f8c8d61c72b8b',
33 silly install resolved     bugs: { url: 'https://github.com/remy/nodemon/issues' },
33 silly install resolved     _id: 'nodemon@1.4.1',
33 silly install resolved     _shasum: 'ec40ea28e832619b6bf9bc9370edcc062966decb',
33 silly install resolved     _from: 'nodemon@*',
33 silly install resolved     _npmVersion: '2.13.1',
33 silly install resolved     _nodeVersion: '0.10.38',
33 silly install resolved     _npmUser: { name: 'remy', email: 'remy@leftlogic.com' },
33 silly install resolved     dist:
33 silly install resolved      { shasum: 'ec40ea28e832619b6bf9bc9370edcc062966decb',
33 silly install resolved        tarball: 'http://registry.npmjs.org/nodemon/-/nodemon-1.4.1.tgz' },
33 silly install resolved     maintainers: [ [Object] ],
33 silly install resolved     directories: {},
33 silly install resolved     _resolved: 'https://registry.npmjs.org/nodemon/-/nodemon-1.4.1.tgz',
33 silly install resolved     readme: 'ERROR: No README data found!' } ]
34 info install nodemon@1.4.1 into /usr/local/lib
35 info installOne nodemon@1.4.1
36 verbose installOne of nodemon to /usr/local/lib not in flight; installing
37 verbose lock using /Users/macdoni/.npm/_locks/nodemon-49f7ed19e778991e.lock for /usr/local/lib/node_modules/nodemon
38 silly install write writing nodemon 1.4.1 to /usr/local/lib/node_modules/nodemon
39 verbose unbuild lib/node_modules/nodemon
40 info preuninstall nodemon@1.4.1
41 info uninstall nodemon@1.4.1
42 verbose unbuild rmStuff nodemon@1.4.1 from /usr/local/lib/node_modules
43 silly gentlyRm /usr/local/bin/nodemon is being gently removed
44 silly gentlyRm verifying /usr/local is an npm working directory
45 silly gentlyRm containing path /usr/local is under npm's control, in /usr/local
46 silly gentlyRm deletion target /usr/local/bin/nodemon is under /usr/local
47 verbose gentlyRm vacuuming from /usr/local/bin/nodemon up to /usr/local
48 silly vacuum-fs removing /usr/local/bin/nodemon
49 verbose unlock done using /Users/macdoni/.npm/_locks/nodemon-49f7ed19e778991e.lock for /usr/local/lib/node_modules/nodemon
50 verbose stack Error: EACCES, unlink '/usr/local/bin/nodemon'
50 verbose stack     at Error (native)
51 verbose cwd /Users/macdoni/code/a-bridgeapp
52 error Darwin 14.5.0
53 error argv "node" "/usr/local/bin/npm" "i" "-g" "nodemon"
54 error node v0.12.7
55 error npm  v2.11.3
56 error path /usr/local/bin/nodemon
57 error code EACCES
58 error errno -13
59 error Error: EACCES, unlink '/usr/local/bin/nodemon'
59 error     at Error (native)
59 error  { [Error: EACCES, unlink '/usr/local/bin/nodemon'] errno: -13, code: 'EACCES', path: '/usr/local/bin/nodemon' }
60 error Please try running this command again as root/Administrator.
61 verbose exit [ -13, true ]
62 verbose unbuild lib/node_modules/nodemon
63 info preuninstall nodemon@1.4.1
64 info uninstall nodemon@1.4.1
65 verbose unbuild rmStuff nodemon@1.4.1 from /usr/local/lib/node_modules
66 silly gentlyRm /usr/local/bin/nodemon is being gently removed
67 silly gentlyRm verifying /usr/local is an npm working directory
68 silly gentlyRm containing path /usr/local is under npm's control, in /usr/local
69 silly gentlyRm deletion target /usr/local/bin/nodemon is under /usr/local
70 verbose gentlyRm vacuuming from /usr/local/bin/nodemon up to /usr/local
71 silly vacuum-fs removing /usr/local/bin/nodemon
72 error error rolling back Error: EACCES, unlink '/usr/local/bin/nodemon'
72 error error rolling back     at Error (native)
72 error error rolling back  { [Error: EACCES, unlink '/usr/local/bin/nodemon'] errno: -13, code: 'EACCES', path: '/usr/local/bin/nodemon' }
